   1: Player 1 launched 2 (left 103) ships from planet 2 to planet 17
   1: Player 2 launched 78 (left 27) ships from planet 3 to planet 1
   2: Player 1 launched 2 (left 106) ships from planet 2 to planet 17
   2: Player 2 launched 24 (left 8) ships from planet 3 to planet 18
   3: Player 1 launched 2 (left 109) ships from planet 2 to planet 17
   3: Player 2 launched 9 (left 4) ships from planet 3 to planet 16
   4: Player 1 launched 2 (left 112) ships from planet 2 to planet 17
   5: Player 1 launched 2 (left 115) ships from planet 2 to planet 17
   5: Player 2 launched 10 (left 4) ships from planet 3 to planet 19
   6: Player 1 launched 2 (left 118) ships from planet 2 to planet 17
   6: Player 1 now owns planet 17
   7: Player 1 launched 45 (left 78) ships from planet 2 to planet 21
   7: Player 2 launched 10 (left 4) ships from planet 3 to planet 13
   8: Player 1 launched 22 (left 61) ships from planet 2 to planet 12
   8: Player 2 now owns planet 16
   9: Player 1 launched 12 (left 54) ships from planet 2 to planet 1
   9: Player 2 launched 10 (left 4) ships from planet 3 to planet 21
  10: Player 1 launched 13 (left 46) ships from planet 2 to planet 8
  11: Player 1 launched 45 (left 6) ships from planet 2 to planet 23
  11: Player 2 launched 10 (left 4) ships from planet 3 to planet 14
  11: Player 2 now owns planet 1
  12: Player 1 launched 1 (left 14) ships from planet 17 to planet 6
  12: Player 2 launched 50 (left 17) ships from planet 1 to planet 2
  13: Player 1 launched 1 (left 15) ships from planet 2 to planet 22
  13: Player 2 launched 16 (left 6) ships from planet 1 to planet 19
Invalid order modified - not enough ships. Max used.
  14: Player 1 launched 20 (left 0) ships from planet 2 to planet 18
  14: Player 2 launched 14 (left 5) ships from planet 3 to planet 11
  14: Player 2 now owns planet 18
  15: Player 1 launched 13 (left 4) ships from planet 17 to planet 8
  15: Player 2 launched 9 (left 4) ships from planet 16 to planet 22
  15: Player 1 now owns planet 8
  15: Player 2 now owns planet 19
  16: Player 1 launched 1 (left 9) ships from planet 2 to planet 12
  16: Player 1 now owns planet 12
  17: Player 1 launched 1 (left 13) ships from planet 2 to planet 14
  18: Player 1 launched 2 (left 18) ships from planet 8 to planet 6
  18: Player 2 launched 18 (left 7) ships from planet 3 to planet 5
  19: Player 1 launched 2 (left 21) ships from planet 2 to planet 16
  19: Player 2 launched 10 (left 4) ships from planet 18 to planet 12
  19: Player 2 defended planet 1
  20: Player 1 launched 13 (left 13) ships from planet 2 to planet 9
  20: Player 2 launched 12 (left 5) ships from planet 3 to planet 23
  20: Player 1 now owns planet 21
  21: Player 1 launched 2 (left 25) ships from planet 8 to planet 6
  21: Player 2 launched 14 (left 5) ships from planet 19 to planet 7
  22: Player 1 launched 2 (left 26) ships from planet 8 to planet 6
  22: Player 2 launched 9 (left 4) ships from planet 18 to planet 17
  22: Player 2 now owns planet 2
  22: Player 1 now owns planet 18
  23: Player 1 launched 2 (left 27) ships from planet 8 to planet 6
  23: Player 2 launched 16 (left 6) ships from planet 2 to planet 20
  24: Player 1 launched 3 (left 27) ships from planet 8 to planet 6
  24: Player 2 launched 18 (left 7) ships from planet 3 to planet 18
  25: Player 1 launched 3 (left 27) ships from planet 8 to planet 14
  25: Player 2 launched 9 (left 3) ships from planet 3 to planet 20
  26: Player 1 launched 16 (left 18) ships from planet 21 to planet 16
  26: Player 2 launched 15 (left 5) ships from planet 19 to planet 6
  27: Player 1 launched 3 (left 30) ships from planet 8 to planet 14
  27: Player 2 launched 12 (left 4) ships from planet 16 to planet 21
  27: Player 1 now owns planet 23
  27: Player 2 now owns planet 5
  28: Player 1 launched 3 (left 30) ships from planet 8 to planet 14
  28: Player 2 launched 8 (left 3) ships from planet 19 to planet 4
  28: Player 1 defended planet 17
  29: Player 1 launched 3 (left 30) ships from planet 8 to planet 14
  30: Player 1 launched 3 (left 31) ships from planet 18 to planet 20
  30: Player 2 launched 13 (left 5) ships from planet 5 to planet 18
  30: Player 1 now owns planet 16
  31: Player 1 launched 3 (left 35) ships from planet 21 to planet 10
  31: Player 2 launched 9 (left 3) ships from planet 19 to planet 12
  31: Player 1 defended planet 12
  31: Player 1 defended planet 21
  32: Player 1 launched 3 (left 36) ships from planet 8 to planet 6
  33: Player 1 launched 4 (left 36) ships from planet 18 to planet 1
  33: Player 2 launched 42 (left 14) ships from planet 2 to planet 12
  33: Player 1 defended planet 23
  34: Player 1 launched 4 (left 38) ships from planet 8 to planet 14
  34: Player 2 launched 36 (left 12) ships from planet 3 to planet 20
  34: Player 2 now owns planet 4
  35: Player 1 launched 4 (left 38) ships from planet 18 to planet 1
  35: Player 2 defended planet 1
  36: Player 1 launched 4 (left 40) ships from planet 8 to planet 14
  36: Player 1 defended planet 18
  37: Player 1 launched 4 (left 43) ships from planet 21 to planet 10
  37: Player 2 defended planet 1
  38: Player 1 launched 26 (left 21) ships from planet 21 to planet 19
  38: Player 2 launched 29 (left 10) ships from planet 2 to planet 22
  38: Player 1 now owns planet 9
Invalid order modified - not enough ships. Max used.
  39: Player 1 launched 49 (left 0) ships from planet 8 to planet 14
  39: Player 2 launched 20 (left 7) ships from planet 19 to planet 17
  40: Player 1 launched 4 (left 36) ships from planet 23 to planet 15
  40: Player 2 launched 11 (left 4) ships from planet 5 to planet 18
  40: Player 1 now owns planet 19
Invalid order modified - not enough ships. Max used.
  41: Player 1 launched 41 (left 0) ships from planet 12 to planet 14
  41: Player 2 launched 9 (left 3) ships from planet 4 to planet 8
  41: Player 2 now owns planet 12
  42: Player 1 launched 4 (left 40) ships from planet 23 to planet 15
  42: Player 2 launched 22 (left 8) ships from planet 2 to planet 6
  42: Player 1 now owns planet 14
  43: Player 1 launched 4 (left 40) ships from planet 23 to planet 3
  44: Player 1 launched 4 (left 41) ships from planet 21 to planet 11
  44: Player 2 launched 46 (left 16) ships from planet 3 to planet 14
Invalid order modified - not enough ships. Max used.
  45: Player 1 launched 50 (left 0) ships from planet 14 to planet 12
  46: Player 1 launched 5 (left 47) ships from planet 23 to planet 15
  46: Player 1 defended planet 18
  46: Player 1 defended planet 8
  47: Player 1 launched 5 (left 48) ships from planet 21 to planet 11
  47: Player 2 launched 8 (left 3) ships from planet 5 to planet 9
  47: Player 2 now owns planet 20
  47: Player 1 defended planet 17
  48: Player 1 launched 4 (left 51) ships from planet 23 to planet 5
  48: Player 2 launched 27 (left 9) ships from planet 3 to planet 18
  48: Player 2 defended planet 12
  49: Player 1 launched 5 (left 51) ships from planet 21 to planet 5
  50: Player 1 launched 5 (left 54) ships from planet 23 to planet 3
  50: Player 2 launched 14 (left 5) ships from planet 3 to planet 8
Invalid order modified - not enough ships. Max used.
  51: Player 1 launched 59 (left 0) ships from planet 21 to planet 11
  52: Player 1 launched 20 (left 42) ships from planet 23 to planet 12
  52: Player 1 defended planet 9
  53: Player 1 launched 5 (left 45) ships from planet 18 to planet 11
  53: Player 2 launched 15 (left 6) ships from planet 12 to planet 6
  53: Player 2 defended planet 5
  54: Player 1 launched 5 (left 47) ships from planet 19 to planet 10
  54: Player 2 launched 51 (left 17) ships from planet 2 to planet 10
Invalid order modified - not enough ships. Max used.
  55: Player 1 launched 54 (left 0) ships from planet 23 to planet 11
  55: Player 2 launched 12 (left 5) ships from planet 4 to planet 10
  55: Player 1 now owns planet 11
  56: Player 1 launched 5 (left 49) ships from planet 18 to planet 1
  56: Player 2 defended planet 3
  57: Player 1 launched 5 (left 51) ships from planet 19 to planet 1
  57: Player 2 launched 10 (left 4) ships from planet 12 to planet 8
  58: Player 1 launched 5 (left 50) ships from planet 18 to planet 1
  58: Player 2 launched 158 (left 53) ships from planet 1 to planet 19
  58: Player 2 defended planet 1
Invalid order modified - not enough ships. Max used.
  59: Player 1 launched 57 (left 0) ships from planet 19 to planet 1
  59: Player 2 launched 39 (left 14) ships from planet 1 to planet 16
  59: Player 2 defended planet 1
  59: Player 1 defended planet 8
  60: Player 1 launched 5 (left 51) ships from planet 9 to planet 15
  60: Player 2 launched 10 (left 4) ships from planet 1 to planet 8
  60: Player 1 defended planet 18
  60: Player 2 defended planet 1
  60: Player 2 now owns planet 19
  61: Player 1 launched 11 (left 43) ships from planet 9 to planet 13
  61: Player 2 launched 56 (left 19) ships from planet 20 to planet 17
  61: Player 1 now owns planet 1
  62: Player 1 launched 17 (left 33) ships from planet 8 to planet 6
  62: Player 2 launched 10 (left 4) ships from planet 12 to planet 11
  63: Player 1 launched 5 (left 48) ships from planet 1 to planet 10
  63: Player 2 launched 10 (left 4) ships from planet 5 to planet 15
  63: Player 2 defended planet 3
  63: Player 1 now owns planet 13
  64: Player 1 launched 34 (left 19) ships from planet 1 to planet 20
  64: Player 2 defended planet 5
  64: Player 1 now owns planet 12
  64: Player 1 now owns planet 6
  65: Player 1 launched 2 (left 54) ships from planet 21 to planet 5
  65: Player 2 launched 53 (left 18) ships from planet 3 to planet 23
  65: Player 2 now owns planet 17
  66: Player 1 launched 5 (left 53) ships from planet 9 to planet 7
  66: Player 2 launched 12 (left 4) ships from planet 4 to planet 18
  66: Player 2 now owns planet 14
  66: Player 1 defended planet 16
  67: Player 1 launched 4 (left 58) ships from planet 21 to planet 5
  67: Player 2 defended planet 20
  68: Player 1 launched 3 (left 59) ships from planet 21 to planet 10
  68: Player 2 launched 129 (left 44) ships from planet 19 to planet 7
  68: Player 1 defended planet 8
  69: Player 1 launched 3 (left 81) ships from planet 11 to planet 10
  69: Player 2 launched 12 (left 5) ships from planet 20 to planet 23
  69: Player 1 defended planet 8
  69: Player 2 defended planet 5
  70: Player 1 launched 8 (left 75) ships from planet 11 to planet 14
  70: Player 2 launched 37 (left 13) ships from planet 19 to planet 23
  71: Player 1 launched 11 (left 66) ships from planet 11 to planet 14
  71: Player 2 launched 26 (left 9) ships from planet 17 to planet 13
  71: Player 2 defended planet 5
  72: Player 1 launched 3 (left 72) ships from planet 21 to planet 5
  72: Player 1 defended planet 18
  72: Player 1 now owns planet 10
  73: Player 1 launched 24 (left 52) ships from planet 21 to planet 19
  73: Player 2 launched 16 (left 6) ships from planet 19 to planet 10
  74: Player 1 launched 51 (left 26) ships from planet 9 to planet 15
  74: Player 2 now owns planet 10
  75: Player 1 launched 31 (left 49) ships from planet 23 to planet 20
  75: Player 1 defended planet 11
  75: Player 2 defended planet 10
  75: Player 1 now owns planet 19
  76: Player 1 launched 36 (left 43) ships from planet 1 to planet 20
  76: Player 2 launched 10 (left 4) ships from planet 17 to planet 15
  76: Player 2 now owns planet 7
  76: Player 2 defended planet 5
Invalid order modified - not enough ships. Max used.
  77: Player 1 launched 68 (left 0) ships from planet 11 to planet 7
  77: Player 2 launched 9 (left 4) ships from planet 10 to planet 9
  77: Player 1 now owns planet 15
  78: Player 1 launched 6 (left 66) ships from planet 21 to planet 10
  78: Player 1 defended planet 23
  79: Player 1 launched 49 (left 25) ships from planet 18 to planet 20
  79: Player 2 launched 55 (left 19) ships from planet 7 to planet 23
  79: Player 2 now owns planet 23
  79: Player 2 defended planet 20
  80: Player 1 launched 11 (left 63) ships from planet 21 to planet 10
  80: Player 2 launched 13 (left 5) ships from planet 4 to planet 8
  81: Player 1 launched 18 (left 50) ships from planet 1 to planet 20
  81: Player 2 launched 73 (left 25) ships from planet 3 to planet 6
  81: Player 1 now owns planet 20
  82: Player 1 launched 11 (left 60) ships from planet 21 to planet 5
  82: Player 2 launched 24 (left 8) ships from planet 14 to planet 13
  82: Player 2 defended planet 10
  83: Player 1 launched 12 (left 60) ships from planet 8 to planet 17
  83: Player 2 launched 121 (left 41) ships from planet 2 to planet 6
  83: Player 2 defended planet 14
  84: Player 1 launched 13 (left 55) ships from planet 21 to planet 10
  84: Player 2 launched 25 (left 9) ships from planet 7 to planet 15
  84: Player 1 now owns planet 14
  84: Player 1 now owns planet 7
  84: Player 2 defended planet 10
  85: Player 1 launched 3 (left 67) ships from planet 1 to planet 10
  85: Player 2 launched 9 (left 4) ships from planet 5 to planet 1
  85: Player 1 defended planet 8
  85: Player 2 defended planet 17
  86: Player 1 launched 5 (left 88) ships from planet 20 to planet 10
  86: Player 1 now owns planet 5
  87: Player 1 launched 13 (left 79) ships from planet 20 to planet 4
  87: Player 1 defended planet 9
  88: Player 1 launched 14 (left 69) ships from planet 20 to planet 4
  88: Player 2 launched 48 (left 17) ships from planet 23 to planet 14
  88: Player 1 now owns planet 10
  89: Player 1 launched 13 (left 74) ships from planet 1 to planet 23
  90: Player 1 launched 25 (left 54) ships from planet 1 to planet 2
  90: Player 1 defended planet 13
  90: Player 2 now owns planet 6
  90: Player 1 defended planet 15
  91: Player 1 launched 17 (left 66) ships from planet 21 to planet 4
  91: Player 2 launched 21 (left 8) ships from planet 23 to planet 18
  91: Player 1 defended planet 1
  91: Player 2 defended planet 4
  92: Player 1 launched 4 (left 81) ships from planet 20 to planet 4
  92: Player 1 now owns planet 4
  93: Player 1 launched 9 (left 76) ships from planet 20 to planet 17
  93: Player 2 launched 68 (left 23) ships from planet 2 to planet 16
  94: Player 1 launched 72 (left 11) ships from planet 7 to planet 3
  95: Player 1 launched 12 (left 72) ships from planet 20 to planet 17
  95: Player 2 launched 71 (left 24) ships from planet 3 to planet 15
  96: Player 1 launched 13 (left 73) ships from planet 8 to planet 17
  96: Player 2 launched 28 (left 10) ships from planet 2 to planet 21
  96: Player 1 defended planet 15
  97: Player 1 launched 14 (left 76) ships from planet 21 to planet 17
  97: Player 2 launched 25 (left 9) ships from planet 3 to planet 5
  97: Player 2 defended planet 17
  98: Player 1 launched 35 (left 54) ships from planet 9 to planet 22
  98: Player 2 launched 102 (left 34) ships from planet 6 to planet 10
  98: Player 1 now owns planet 17
  99: Player 1 launched 40 (left 50) ships from planet 1 to planet 6
  99: Player 2 launched 14 (left 5) ships from planet 3 to planet 5
  99: Player 2 defended planet 23
 100: Player 1 launched 33 (left 59) ships from planet 20 to planet 2
 100: Player 2 launched 22 (left 8) ships from planet 2 to planet 7
 100: Player 1 now owns planet 2
 101: Player 1 launched 16 (left 76) ships from planet 21 to planet 3
 101: Player 2 launched 32 (left 11) ships from planet 6 to planet 19
 101: Player 1 now owns planet 3
 101: Player 2 now owns planet 15
 102: Player 1 launched 35 (left 59) ships from planet 18 to planet 22
 102: Player 2 launched 40 (left 14) ships from planet 15 to planet 17
 102: Player 2 now owns planet 14
 103: Player 1 launched 18 (left 76) ships from planet 8 to planet 6
 103: Player 2 launched 12 (left 4) ships from planet 15 to planet 12
 103: Player 1 defended planet 18
 104: Player 1 launched 22 (left 71) ships from planet 19 to planet 6
 105: Player 1 launched 35 (left 57) ships from planet 21 to planet 22
 105: Player 2 launched 17 (left 6) ships from planet 6 to planet 17
 105: Player 2 now owns planet 10
 105: Player 1 now owns planet 6
 106: Player 1 launched 14 (left 78) ships from planet 12 to planet 14
 106: Player 2 launched 9 (left 4) ships from planet 14 to planet 17
 106: Player 2 now owns planet 5
 107: Player 1 launched 66 (left 24) ships from planet 1 to planet 10
 107: Player 2 launched 85 (left 29) ships from planet 23 to planet 17
 107: Player 1 defended planet 13
 107: Player 1 defended planet 17
 108: Player 1 launched 8 (left 83) ships from planet 8 to planet 14
 109: Player 1 launched 70 (left 33) ships from planet 3 to planet 10
 109: Player 2 launched 27 (left 10) ships from planet 23 to planet 6
 109: Player 2 now owns planet 16
 109: Player 1 defended planet 21
 109: Player 1 now owns planet 22
 109: Player 1 defended planet 19
 109: Player 1 now owns planet 14
 110: Player 1 launched 72 (left 27) ships from planet 20 to planet 10
 110: Player 2 launched 49 (left 17) ships from planet 10 to planet 4
 110: Player 1 now owns planet 10
 111: Player 1 launched 22 (left 73) ships from planet 2 to planet 15
 111: Player 2 launched 15 (left 5) ships from planet 15 to planet 18
 111: Player 1 defended planet 17
 112: Player 1 launched 7 (left 89) ships from planet 9 to planet 15
 112: Player 2 launched 14 (left 5) ships from planet 5 to planet 14
Invalid order modified - not enough ships. Max used.
 113: Player 1 launched 98 (left 0) ships from planet 8 to planet 23
 113: Player 2 launched 19 (left 7) ships from planet 23 to planet 17
Invalid order modified - not enough ships. Max used.
 114: Player 1 launched 95 (left 0) ships from planet 6 to planet 23
 114: Player 2 launched 8 (left 3) ships from planet 15 to planet 19
 114: Player 1 defended planet 4
 115: Player 1 launched 5 (left 122) ships from planet 10 to planet 15
 115: Player 2 defended planet 15
 116: Player 1 launched 104 (left 23) ships from planet 22 to planet 23
 116: Player 2 launched 18 (left 6) ships from planet 16 to planet 19
 116: Player 1 defended planet 7
 117: Player 1 launched 2 (left 124) ships from planet 10 to planet 15
 117: Player 2 now owns planet 17
 118: Player 1 launched 4 (left 122) ships from planet 10 to planet 15
 118: Player 2 launched 44 (left 15) ships from planet 17 to planet 11
 118: Player 2 now owns planet 6
 119: Player 1 launched 13 (left 181) ships from planet 10 to planet 6
 119: Player 2 launched 12 (left 4) ships from planet 17 to planet 13
 120: Player 1 launched 14 (left 169) ships from planet 10 to planet 5
 121: Player 1 launched 104 (left 67) ships from planet 10 to planet 23
 121: Player 2 launched 13 (left 5) ships from planet 6 to planet 13
 122: Player 1 launched 7 (left 121) ships from planet 2 to planet 17
 122: Player 2 launched 11 (left 4) ships from planet 5 to planet 12
 122: Player 1 defended planet 19
 123: Player 1 launched 52 (left 74) ships from planet 2 to planet 17
 123: Player 2 launched 8 (left 3) ships from planet 6 to planet 12
 123: Player 1 now owns planet 23
 124: Player 1 launched 17 (left 108) ships from planet 9 to planet 15
 125: Player 1 launched 16 (left 130) ships from planet 23 to planet 16
 125: Player 2 launched 11 (left 4) ships from planet 16 to planet 20
 125: Player 1 defended planet 18
 126: Player 1 launched 77 (left 57) ships from planet 23 to planet 17
 126: Player 2 launched 15 (left 5) ships from planet 15 to planet 10
 126: Player 1 defended planet 19
 126: Player 1 defended planet 11
 126: Player 2 defended planet 6
 127: Player 1 launched 7 (left 117) ships from planet 1 to planet 15
 127: Player 2 defended planet 17
 127: Player 1 defended planet 12
 127: Player 1 now owns planet 15
 128: Player 1 launched 7 (left 121) ships from planet 3 to planet 16
 128: Player 1 defended planet 12
 128: Player 1 now owns planet 5
 128: Player 2 defended planet 17
 129: Player 1 launched 15 (left 158) ships from planet 23 to planet 17
 130: Player 1 launched 9 (left 153) ships from planet 23 to planet 16
 130: Player 2 launched 8 (left 3) ships from planet 6 to planet 20
 130: Player 1 defended planet 14
 131: Player 1 launched 17 (left 140) ships from planet 23 to planet 17
 132: Player 1 launched 18 (left 126) ships from planet 23 to planet 17
 133: Player 1 launched 13 (left 134) ships from planet 1 to planet 16
 133: Player 2 launched 9 (left 3) ships from planet 16 to planet 20
 133: Player 1 now owns planet 16
 134: Player 1 launched 20 (left 131) ships from planet 3 to planet 17
 134: Player 2 launched 14 (left 5) ships from planet 17 to planet 4
 135: Player 1 launched 19 (left 130) ships from planet 21 to planet 6
 135: Player 2 launched 13 (left 5) ships from planet 6 to planet 20
 135: Player 1 defended planet 20
 136: Player 1 launched 7 (left 142) ships from planet 1 to planet 17
 136: Player 1 now owns planet 17
 137: Player 1 launched 12 (left 135) ships from planet 1 to planet 6
 137: Player 2 launched 8 (left 3) ships from planet 6 to planet 3
 137: Player 1 defended planet 4
 138: Player 1 launched 6 (left 248) ships from planet 23 to planet 6
 138: Player 1 defended planet 13
 139: Player 1 launched 9 (left 243) ships from planet 23 to planet 6
 139: Player 1 defended planet 10
 140: Player 1 launched 13 (left 234) ships from planet 23 to planet 6
 140: Player 2 launched 9 (left 3) ships from planet 6 to planet 4
 140: Player 1 defended planet 12
 140: Player 1 defended planet 20
 141: Player 1 launched 6 (left 232) ships from planet 23 to planet 6
 141: Player 1 defended planet 13
 142: Player 1 launched 9 (left 227) ships from planet 23 to planet 6
 143: Player 1 launched 13 (left 218) ships from planet 23 to planet 6
 143: Player 2 launched 9 (left 3) ships from planet 6 to planet 21
 143: Player 1 defended planet 20
 143: Player 1 defended planet 4
 144: Player 1 launched 6 (left 216) ships from planet 23 to planet 6
 145: Player 1 launched 9 (left 211) ships from planet 23 to planet 6
 145: Player 2 defended planet 6
Invalid order ignored - no ships to launch.
 146: Player 1 now owns planet 6
 153: Player 1 defended planet 3
 154: Player 1 defended planet 21
