I'm dead. Kmart, [2]
   1: Player 2 launched 94 (left 11) ships from planet 3 to planet 16
   2: Player 2 launched 14 (left 2) ships from planet 3 to planet 16
   3: Player 2 launched 6 (left 1) ships from planet 3 to planet 16
   4: Player 2 launched 5 (left 1) ships from planet 3 to planet 16
   5: Player 2 launched 5 (left 1) ships from planet 3 to planet 16
   6: Player 2 launched 5 (left 1) ships from planet 3 to planet 16
   7: Player 2 launched 5 (left 1) ships from planet 3 to planet 16
   8: Player 2 launched 5 (left 1) ships from planet 3 to planet 16
   9: Player 2 launched 5 (left 1) ships from planet 3 to planet 16
  10: Player 2 launched 5 (left 1) ships from planet 3 to planet 16
  11: Player 2 launched 5 (left 1) ships from planet 3 to planet 16
  12: Player 2 launched 5 (left 1) ships from planet 3 to planet 16
  13: Player 2 launched 5 (left 1) ships from planet 3 to planet 16
  14: Player 2 launched 5 (left 1) ships from planet 3 to planet 16
  15: Player 2 launched 5 (left 1) ships from planet 3 to planet 16
  16: Player 2 launched 75 (left 9) ships from planet 16 to planet 17
  17: Player 2 launched 21 (left 3) ships from planet 16 to planet 17
  18: Player 2 launched 14 (left 2) ships from planet 3 to planet 17
  19: Player 2 launched 14 (left 2) ships from planet 16 to planet 17
  20: Player 2 launched 10 (left 2) ships from planet 3 to planet 17
  21: Player 2 launched 12 (left 2) ships from planet 16 to planet 17
  22: Player 2 launched 10 (left 2) ships from planet 3 to planet 17
  23: Player 2 launched 12 (left 2) ships from planet 16 to planet 17
  24: Player 2 launched 10 (left 2) ships from planet 3 to planet 17
  25: Player 2 launched 12 (left 2) ships from planet 16 to planet 17
  26: Player 2 launched 10 (left 2) ships from planet 3 to planet 17
  27: Player 2 launched 12 (left 2) ships from planet 16 to planet 17
  28: Player 2 launched 10 (left 2) ships from planet 3 to planet 17
  29: Player 2 launched 12 (left 2) ships from planet 16 to planet 17
  30: Player 2 launched 10 (left 2) ships from planet 3 to planet 22
  31: Player 2 launched 8 (left 1) ships from planet 16 to planet 22
  32: Player 2 launched 10 (left 2) ships from planet 3 to planet 6
  33: Player 2 launched 6 (left 1) ships from planet 3 to planet 6
  34: Player 2 launched 5 (left 1) ships from planet 3 to planet 6
  35: Player 2 launched 5 (left 1) ships from planet 3 to planet 22
  36: Player 2 launched 5 (left 1) ships from planet 3 to planet 17
  37: Player 2 launched 6 (left 1) ships from planet 16 to planet 22
  38: Player 2 launched 11 (left 2) ships from planet 6 to planet 17
  39: Player 2 launched 14 (left 2) ships from planet 3 to planet 21
  40: Player 2 launched 11 (left 2) ships from planet 6 to planet 21
  41: Player 2 launched 16 (left 2) ships from planet 17 to planet 21
  42: Player 2 launched 15 (left 2) ships from planet 3 to planet 21
  43: Player 2 launched 12 (left 2) ships from planet 17 to planet 23
  44: Player 2 launched 12 (left 2) ships from planet 6 to planet 23
  45: Player 2 launched 15 (left 2) ships from planet 3 to planet 23
  46: Player 2 launched 28 (left 4) ships from planet 21 to planet 3
  47: Player 2 launched 23 (left 3) ships from planet 17 to planet 23
  48: Player 2 launched 71 (left 8) ships from planet 17 to planet 3
  49: Player 2 launched 36 (left 4) ships from planet 17 to planet 3
  50: Player 2 launched 27 (left 4) ships from planet 21 to planet 23
  51: Player 2 launched 25 (left 3) ships from planet 22 to planet 23
  52: Player 2 launched 23 (left 3) ships from planet 6 to planet 3
  53: Player 2 launched 30 (left 4) ships from planet 17 to planet 3
  54: Player 2 launched 18 (left 2) ships from planet 21 to planet 3
  55: Player 2 launched 26 (left 3) ships from planet 17 to planet 11
  56: Player 2 launched 18 (left 3) ships from planet 22 to planet 18
  57: Player 2 launched 19 (left 3) ships from planet 17 to planet 11
  58: Player 2 launched 27 (left 4) ships from planet 3 to planet 18
  59: Player 2 launched 21 (left 3) ships from planet 6 to planet 23
  60: Player 2 launched 23 (left 3) ships from planet 21 to planet 18
  61: Player 2 launched 27 (left 4) ships from planet 17 to planet 18
  62: Player 2 launched 18 (left 3) ships from planet 22 to planet 18
  63: Player 2 launched 17 (left 2) ships from planet 16 to planet 18
  64: Player 2 launched 17 (left 2) ships from planet 21 to planet 11
  65: Player 2 launched 41 (left 5) ships from planet 23 to planet 18
  66: Player 2 launched 23 (left 3) ships from planet 3 to planet 11
  67: Player 2 launched 27 (left 3) ships from planet 21 to planet 18
  68: Player 2 launched 27 (left 3) ships from planet 6 to planet 11
  69: Player 2 launched 80 (left 9) ships from planet 3 to planet 15
  70: Player 2 launched 54 (left 7) ships from planet 18 to planet 11
  71: Player 2 launched 69 (left 8) ships from planet 23 to planet 11
  72: Player 2 launched 54 (left 6) ships from planet 3 to planet 12
  73: Player 2 launched 108 (left 12) ships from planet 11 to planet 15
  74: Player 2 launched 58 (left 7) ships from planet 18 to planet 15
  75: Player 2 launched 45 (left 6) ships from planet 3 to planet 15
  76: Player 2 launched 83 (left 10) ships from planet 15 to planet 14
  77: Player 2 launched 40 (left 5) ships from planet 11 to planet 14
  78: Player 2 launched 52 (left 6) ships from planet 11 to planet 14
  79: Player 2 launched 72 (left 8) ships from planet 15 to planet 14
  80: Player 2 launched 57 (left 7) ships from planet 18 to planet 14
  81: Player 2 launched 44 (left 5) ships from planet 23 to planet 14
  82: Player 2 launched 61 (left 7) ships from planet 11 to planet 14
  83: Player 2 launched 93 (left 11) ships from planet 15 to planet 14
  84: Player 2 launched 47 (left 6) ships from planet 21 to planet 13
  85: Player 2 launched 50 (left 6) ships from planet 3 to planet 13
  86: Player 2 launched 51 (left 6) ships from planet 6 to planet 14
  87: Player 2 launched 37 (left 5) ships from planet 12 to planet 14
  88: Player 2 launched 36 (left 5) ships from planet 18 to planet 13
  89: Player 2 launched 72 (left 8) ships from planet 15 to planet 19
  90: Player 2 launched 35 (left 4) ships from planet 11 to planet 19
  91: Player 2 launched 36 (left 4) ships from planet 22 to planet 19
  92: Player 2 launched 34 (left 4) ships from planet 21 to planet 22
  93: Player 2 launched 32 (left 4) ships from planet 17 to planet 22
  94: Player 2 launched 36 (left 4) ships from planet 14 to planet 17
  95: Player 2 launched 43 (left 5) ships from planet 14 to planet 17
  96: Player 2 launched 54 (left 7) ships from planet 14 to planet 17
  97: Player 2 launched 135 (left 16) ships from planet 14 to planet 17
  98: Player 2 launched 47 (left 6) ships from planet 3 to planet 17
  99: Player 2 launched 43 (left 5) ships from planet 15 to planet 17
 100: Player 2 launched 184 (left 21) ships from planet 14 to planet 17
 101: Player 2 launched 40 (left 5) ships from planet 23 to planet 17
 102: Player 2 launched 39 (left 5) ships from planet 21 to planet 17
 103: Player 2 launched 114 (left 13) ships from planet 13 to planet 17
 104: Player 2 launched 117 (left 13) ships from planet 14 to planet 22
 105: Player 2 launched 74 (left 9) ships from planet 19 to planet 22
 106: Player 2 launched 117 (left 13) ships from planet 22 to planet 10
 107: Player 2 launched 232 (left 26) ships from planet 17 to planet 10
 108: Player 2 launched 81 (left 9) ships from planet 10 to planet 20
 109: Player 2 launched 83 (left 10) ships from planet 22 to planet 20
 110: Player 2 launched 191 (left 22) ships from planet 17 to planet 20
 111: Player 2 launched 123 (left 14) ships from planet 17 to planet 20
 112: Player 2 launched 85 (left 10) ships from planet 19 to planet 20
 113: Player 2 launched 72 (left 9) ships from planet 3 to planet 20
 114: Player 2 launched 74 (left 9) ships from planet 11 to planet 20
 115: Player 2 launched 76 (left 9) ships from planet 14 to planet 20
 116: Player 2 launched 54 (left 7) ships from planet 18 to planet 20
 117: Player 2 launched 58 (left 7) ships from planet 21 to planet 20
 118: Player 2 launched 252 (left 29) ships from planet 10 to planet 20
 119: Player 2 launched 62 (left 7) ships from planet 17 to planet 1
 120: Player 2 launched 55 (left 7) ships from planet 6 to planet 1
 121: Player 2 launched 54 (left 7) ships from planet 15 to planet 2
 122: Player 2 launched 48 (left 6) ships from planet 3 to planet 2
 123: Player 2 launched 44 (left 5) ships from planet 10 to planet 3
 124: Player 2 launched 346 (left 39) ships from planet 20 to planet 3
 125: Player 2 launched 149 (left 17) ships from planet 20 to planet 2
 126: Player 2 launched 122 (left 14) ships from planet 17 to planet 1
 127: Player 2 launched 54 (left 7) ships from planet 11 to planet 3
 128: Player 2 launched 92 (left 11) ships from planet 20 to planet 3
 129: Player 2 launched 107 (left 12) ships from planet 2 to planet 8
 130: Player 2 launched 134 (left 15) ships from planet 20 to planet 8
 131: Player 2 launched 243 (left 28) ships from planet 20 to planet 5
 132: Player 2 launched 93 (left 11) ships from planet 20 to planet 5
 133: Player 2 launched 81 (left 9) ships from planet 8 to planet 5
 134: Player 2 launched 130 (left 15) ships from planet 8 to planet 5
 135: Player 2 launched 125 (left 14) ships from planet 1 to planet 5
 136: Player 2 launched 285 (left 32) ships from planet 5 to planet 7
 137: Player 2 launched 232 (left 26) ships from planet 5 to planet 7
 138: Player 2 launched 99 (left 12) ships from planet 2 to planet 7
 139: Player 2 launched 97 (left 11) ships from planet 3 to planet 7
 140: Player 2 launched 213 (left 24) ships from planet 7 to planet 9
 141: Player 2 launched 233 (left 26) ships from planet 7 to planet 9
 142: Player 2 launched 135 (left 15) ships from planet 1 to planet 9
 143: Player 2 launched 339 (left 38) ships from planet 3 to planet 9
 144: Player 2 launched 120 (left 14) ships from planet 7 to planet 9
 145: Player 2 launched 157 (left 18) ships from planet 5 to planet 9
 146: Player 2 launched 104 (left 12) ships from planet 20 to planet 9
 147: Player 2 launched 253 (left 29) ships from planet 9 to planet 4
 148: Player 2 launched 139 (left 16) ships from planet 3 to planet 4
 149: Player 2 launched 108 (left 13) ships from planet 14 to planet 4
 150: I won! Kmart [2]
