   1: Player 1 launched 78 (left 27) ships from planet 2 to planet 22
   1: Player 2 launched 94 (left 11) ships from planet 3 to planet 16
   2: Player 1 launched 24 (left 8) ships from planet 2 to planet 1
   2: Player 2 launched 14 (left 2) ships from planet 3 to planet 16
   3: Player 1 launched 9 (left 4) ships from planet 2 to planet 5
   3: Player 2 launched 6 (left 1) ships from planet 3 to planet 16
   4: Player 2 launched 5 (left 1) ships from planet 3 to planet 16
   5: Player 1 launched 10 (left 4) ships from planet 2 to planet 21
   5: Player 2 launched 5 (left 1) ships from planet 3 to planet 16
   6: Player 2 launched 5 (left 1) ships from planet 3 to planet 16
   7: Player 1 launched 10 (left 4) ships from planet 2 to planet 11
   7: Player 2 launched 5 (left 1) ships from planet 3 to planet 16
   8: Player 2 launched 5 (left 1) ships from planet 3 to planet 16
   9: Player 1 launched 10 (left 4) ships from planet 2 to planet 1
   9: Player 2 launched 5 (left 1) ships from planet 3 to planet 16
  10: Player 2 launched 5 (left 1) ships from planet 3 to planet 16
  11: Player 1 launched 10 (left 4) ships from planet 2 to planet 11
  11: Player 2 launched 5 (left 1) ships from planet 3 to planet 16
  12: Player 2 launched 5 (left 1) ships from planet 3 to planet 16
  13: Player 1 launched 10 (left 4) ships from planet 2 to planet 8
  13: Player 2 launched 5 (left 1) ships from planet 3 to planet 16
  14: Player 2 launched 5 (left 1) ships from planet 3 to planet 16
  14: Player 1 now owns planet 22
  15: Player 1 launched 45 (left 15) ships from planet 22 to planet 6
  15: Player 2 launched 5 (left 1) ships from planet 3 to planet 16
  15: Player 2 now owns planet 16
  16: Player 1 launched 12 (left 5) ships from planet 22 to planet 17
  16: Player 2 launched 75 (left 9) ships from planet 16 to planet 17
  17: Player 1 launched 18 (left 6) ships from planet 2 to planet 6
  17: Player 2 launched 21 (left 3) ships from planet 16 to planet 17
  18: Player 1 launched 8 (left 3) ships from planet 2 to planet 8
  18: Player 2 launched 14 (left 2) ships from planet 3 to planet 17
  19: Player 2 launched 14 (left 2) ships from planet 16 to planet 17
  20: Player 1 launched 9 (left 4) ships from planet 22 to planet 17
  20: Player 2 launched 10 (left 2) ships from planet 3 to planet 17
  21: Player 2 launched 12 (left 2) ships from planet 16 to planet 17
  22: Player 1 launched 17 (left 6) ships from planet 2 to planet 18
  22: Player 2 launched 10 (left 2) ships from planet 3 to planet 17
  23: Player 1 launched 8 (left 3) ships from planet 2 to planet 11
  23: Player 2 launched 12 (left 2) ships from planet 16 to planet 17
  24: Player 1 launched 9 (left 3) ships from planet 22 to planet 6
  24: Player 2 launched 10 (left 2) ships from planet 3 to planet 17
  25: Player 2 launched 12 (left 2) ships from planet 16 to planet 17
  26: Player 2 launched 10 (left 2) ships from planet 3 to planet 17
  26: Player 1 now owns planet 17
  27: Player 2 launched 12 (left 2) ships from planet 16 to planet 17
  28: Player 1 launched 8 (left 3) ships from planet 22 to planet 21
  28: Player 2 launched 10 (left 2) ships from planet 3 to planet 17
  29: Player 1 launched 24 (left 9) ships from planet 2 to planet 3
  29: Player 2 launched 12 (left 2) ships from planet 16 to planet 17
  30: Player 2 launched 10 (left 2) ships from planet 3 to planet 22
  31: Player 2 launched 8 (left 1) ships from planet 16 to planet 22
  31: Player 1 now owns planet 6
  32: Player 1 launched 8 (left 3) ships from planet 22 to planet 16
  32: Player 2 launched 10 (left 2) ships from planet 3 to planet 6
  33: Player 2 launched 6 (left 1) ships from planet 3 to planet 6
  33: Player 1 now owns planet 11
  34: Player 2 launched 5 (left 1) ships from planet 3 to planet 6
  35: Player 1 launched 29 (left 10) ships from planet 2 to planet 3
  35: Player 2 launched 5 (left 1) ships from planet 3 to planet 22
  36: Player 1 launched 9 (left 3) ships from planet 6 to planet 12
  36: Player 2 launched 5 (left 1) ships from planet 3 to planet 17
  36: Player 2 now owns planet 6
  37: Player 1 launched 15 (left 6) ships from planet 17 to planet 19
  37: Player 2 launched 6 (left 1) ships from planet 16 to planet 22
  38: Player 2 launched 11 (left 2) ships from planet 6 to planet 17
  38: Player 2 now owns planet 17
  39: Player 1 launched 15 (left 6) ships from planet 11 to planet 19
  39: Player 2 launched 14 (left 2) ships from planet 3 to planet 21
  40: Player 1 launched 14 (left 5) ships from planet 22 to planet 15
  40: Player 2 launched 11 (left 2) ships from planet 6 to planet 21
  40: Player 2 now owns planet 22
  41: Player 1 launched 30 (left 10) ships from planet 2 to planet 8
  41: Player 2 launched 16 (left 2) ships from planet 17 to planet 21
  42: Player 1 launched 13 (left 5) ships from planet 11 to planet 7
  42: Player 2 launched 15 (left 2) ships from planet 3 to planet 21
  42: Player 2 now owns planet 21
  43: Player 2 launched 12 (left 2) ships from planet 17 to planet 23
  44: Player 1 launched 18 (left 7) ships from planet 2 to planet 3
  44: Player 2 launched 12 (left 2) ships from planet 6 to planet 23
  45: Player 1 launched 12 (left 5) ships from planet 11 to planet 12
  45: Player 2 launched 15 (left 2) ships from planet 3 to planet 23
  45: Player 1 now owns planet 3
  46: Player 1 launched 12 (left 5) ships from planet 2 to planet 12
  46: Player 2 launched 28 (left 4) ships from planet 21 to planet 3
  47: Player 1 launched 16 (left 6) ships from planet 3 to planet 9
  47: Player 2 launched 23 (left 3) ships from planet 17 to planet 23
  48: Player 1 launched 8 (left 3) ships from planet 3 to planet 14
  48: Player 2 launched 71 (left 8) ships from planet 17 to planet 3
  49: Player 1 launched 15 (left 5) ships from planet 2 to planet 15
  49: Player 2 launched 36 (left 4) ships from planet 17 to planet 3
  49: Player 2 now owns planet 3
  50: Player 2 launched 27 (left 4) ships from planet 21 to planet 23
  51: Player 1 launched 11 (left 4) ships from planet 2 to planet 8
  51: Player 2 launched 25 (left 3) ships from planet 22 to planet 23
  51: Player 1 now owns planet 3
  51: Player 1 now owns planet 12
  52: Player 2 launched 23 (left 3) ships from planet 6 to planet 3
  53: Player 1 launched 10 (left 4) ships from planet 2 to planet 14
  53: Player 2 launched 30 (left 4) ships from planet 17 to planet 3
  54: Player 1 launched 30 (left 11) ships from planet 11 to planet 18
  54: Player 2 launched 18 (left 2) ships from planet 21 to planet 3
  55: Player 1 launched 14 (left 5) ships from planet 3 to planet 15
  55: Player 2 launched 26 (left 3) ships from planet 17 to planet 11
  55: Player 2 defended planet 16
  56: Player 1 launched 14 (left 5) ships from planet 11 to planet 20
  56: Player 2 launched 18 (left 3) ships from planet 22 to planet 18
  56: Player 2 now owns planet 3
  57: Player 1 launched 9 (left 3) ships from planet 12 to planet 14
  57: Player 2 launched 19 (left 3) ships from planet 17 to planet 11
  58: Player 1 launched 21 (left 8) ships from planet 2 to planet 22
  58: Player 2 launched 27 (left 4) ships from planet 3 to planet 18
  59: Player 1 launched 9 (left 4) ships from planet 2 to planet 15
  59: Player 2 launched 21 (left 3) ships from planet 6 to planet 23
  59: Player 2 now owns planet 23
  60: Player 2 launched 23 (left 3) ships from planet 21 to planet 18
  60: Player 2 defended planet 3
  61: Player 1 launched 18 (left 7) ships from planet 11 to planet 21
  61: Player 2 launched 27 (left 4) ships from planet 17 to planet 18
  62: Player 1 launched 18 (left 7) ships from planet 12 to planet 14
  62: Player 2 launched 18 (left 3) ships from planet 22 to planet 18
  63: Player 1 launched 11 (left 4) ships from planet 11 to planet 7
  63: Player 2 launched 17 (left 2) ships from planet 16 to planet 18
  64: Player 2 launched 17 (left 2) ships from planet 21 to planet 11
  65: Player 1 launched 9 (left 3) ships from planet 11 to planet 20
  65: Player 2 launched 41 (left 5) ships from planet 23 to planet 18
  66: Player 2 launched 23 (left 3) ships from planet 3 to planet 11
  67: Player 1 launched 8 (left 3) ships from planet 11 to planet 5
  67: Player 2 launched 27 (left 3) ships from planet 21 to planet 18
  68: Player 2 launched 27 (left 3) ships from planet 6 to planet 11
  68: Player 1 now owns planet 15
  68: Player 2 now owns planet 18
  69: Player 1 launched 8 (left 3) ships from planet 11 to planet 18
  69: Player 2 launched 80 (left 9) ships from planet 3 to planet 15
  70: Player 1 launched 17 (left 6) ships from planet 12 to planet 1
  70: Player 2 launched 54 (left 7) ships from planet 18 to planet 11
  70: Player 2 defended planet 18
  71: Player 1 launched 8 (left 3) ships from planet 11 to planet 17
  71: Player 2 launched 69 (left 8) ships from planet 23 to planet 11
  71: Player 2 defended planet 22
  71: Player 2 now owns planet 11
  72: Player 1 launched 18 (left 7) ships from planet 15 to planet 19
  72: Player 2 launched 54 (left 6) ships from planet 3 to planet 12
  73: Player 1 launched 8 (left 3) ships from planet 15 to planet 22
  73: Player 2 launched 108 (left 12) ships from planet 11 to planet 15
  73: Player 2 defended planet 21
  74: Player 1 launched 59 (left 20) ships from planet 2 to planet 5
  74: Player 2 launched 58 (left 7) ships from planet 18 to planet 15
  75: Player 1 launched 18 (left 7) ships from planet 2 to planet 3
  75: Player 2 launched 45 (left 6) ships from planet 3 to planet 15
  75: Player 2 now owns planet 15
  76: Player 1 launched 9 (left 3) ships from planet 2 to planet 18
  76: Player 2 launched 83 (left 10) ships from planet 15 to planet 14
  76: Player 1 now owns planet 5
  77: Player 2 launched 40 (left 5) ships from planet 11 to planet 14
  78: Player 1 launched 14 (left 5) ships from planet 5 to planet 22
  78: Player 2 launched 52 (left 6) ships from planet 11 to planet 14
  79: Player 2 launched 72 (left 8) ships from planet 15 to planet 14
  79: Player 1 now owns planet 14
  79: Player 2 now owns planet 12
  80: Player 2 launched 57 (left 7) ships from planet 18 to planet 14
  81: Player 1 launched 21 (left 7) ships from planet 2 to planet 6
  81: Player 2 launched 44 (left 5) ships from planet 23 to planet 14
  82: Player 1 launched 9 (left 3) ships from planet 2 to planet 1
  82: Player 2 launched 61 (left 7) ships from planet 11 to planet 14
  83: Player 1 launched 15 (left 5) ships from planet 5 to planet 22
  83: Player 2 launched 93 (left 11) ships from planet 15 to planet 14
  84: Player 1 launched 9 (left 4) ships from planet 2 to planet 13
  84: Player 2 launched 47 (left 6) ships from planet 21 to planet 13
  85: Player 1 launched 19 (left 7) ships from planet 14 to planet 12
  85: Player 2 launched 50 (left 6) ships from planet 3 to planet 13
  86: Player 1 launched 10 (left 4) ships from planet 2 to planet 22
  86: Player 2 launched 51 (left 6) ships from planet 6 to planet 14
  86: Player 2 defended planet 18
  87: Player 2 launched 37 (left 5) ships from planet 12 to planet 14
  88: Player 1 launched 14 (left 5) ships from planet 14 to planet 15
  88: Player 2 launched 36 (left 5) ships from planet 18 to planet 13
  89: Player 1 launched 17 (left 6) ships from planet 5 to planet 11
  89: Player 2 launched 72 (left 8) ships from planet 15 to planet 19
  90: Player 2 launched 35 (left 4) ships from planet 11 to planet 19
  91: Player 1 launched 9 (left 3) ships from planet 5 to planet 8
  91: Player 2 launched 36 (left 4) ships from planet 22 to planet 19
  91: Player 1 now owns planet 22
  91: Player 2 defended planet 3
  92: Player 1 launched 25 (left 9) ships from planet 2 to planet 6
  92: Player 2 launched 34 (left 4) ships from planet 21 to planet 22
  93: Player 1 launched 18 (left 7) ships from planet 14 to planet 15
  93: Player 2 launched 32 (left 4) ships from planet 17 to planet 22
  93: Player 1 now owns planet 17
  93: Player 2 now owns planet 14
  94: Player 1 launched 9 (left 3) ships from planet 5 to planet 14
  94: Player 2 launched 36 (left 4) ships from planet 14 to planet 17
  94: Player 2 now owns planet 19
  95: Player 1 launched 16 (left 6) ships from planet 22 to planet 12
  95: Player 2 launched 43 (left 5) ships from planet 14 to planet 17
  95: Player 2 defended planet 6
  96: Player 1 launched 21 (left 8) ships from planet 2 to planet 16
  96: Player 2 launched 54 (left 7) ships from planet 14 to planet 17
  97: Player 1 launched 9 (left 3) ships from planet 5 to planet 1
  97: Player 2 launched 135 (left 16) ships from planet 14 to planet 17
  98: Player 1 launched 13 (left 5) ships from planet 2 to planet 13
  98: Player 2 launched 47 (left 6) ships from planet 3 to planet 17
  99: Player 2 launched 43 (left 5) ships from planet 15 to planet 17
  99: Player 2 defended planet 11
 100: Player 1 launched 11 (left 4) ships from planet 2 to planet 12
 100: Player 2 launched 184 (left 21) ships from planet 14 to planet 17
 100: Player 2 now owns planet 13
 101: Player 1 launched 11 (left 4) ships from planet 5 to planet 20
 101: Player 2 launched 40 (left 5) ships from planet 23 to planet 17
 102: Player 2 launched 39 (left 5) ships from planet 21 to planet 17
 102: Player 2 defended planet 12
 103: Player 2 launched 114 (left 13) ships from planet 13 to planet 17
 103: Player 1 defended planet 22
 103: Player 2 now owns planet 17
 104: Player 1 launched 18 (left 6) ships from planet 2 to planet 8
 104: Player 2 launched 117 (left 13) ships from planet 14 to planet 22
 105: Player 1 launched 12 (left 4) ships from planet 5 to planet 3
 105: Player 2 launched 74 (left 9) ships from planet 19 to planet 22
 105: Player 2 now owns planet 22
 105: Player 2 defended planet 13
 105: Player 1 now owns planet 20
 106: Player 2 launched 117 (left 13) ships from planet 22 to planet 10
 106: Player 2 defended planet 6
 107: Player 1 launched 15 (left 6) ships from planet 2 to planet 14
 107: Player 2 launched 232 (left 26) ships from planet 17 to planet 10
 107: Player 1 now owns planet 8
 107: Player 2 now owns planet 10
 108: Player 1 launched 9 (left 4) ships from planet 8 to planet 16
 108: Player 2 launched 81 (left 9) ships from planet 10 to planet 20
 108: Player 2 defended planet 15
 109: Player 1 launched 12 (left 4) ships from planet 5 to planet 16
 109: Player 2 launched 83 (left 10) ships from planet 22 to planet 20
 110: Player 1 launched 15 (left 6) ships from planet 2 to planet 15
 110: Player 2 launched 191 (left 22) ships from planet 17 to planet 20
 110: Player 2 defended planet 14
 111: Player 2 launched 123 (left 14) ships from planet 17 to planet 20
 111: Player 2 defended planet 12
 112: Player 1 launched 9 (left 4) ships from planet 5 to planet 1
 112: Player 2 launched 85 (left 10) ships from planet 19 to planet 20
 113: Player 2 launched 72 (left 9) ships from planet 3 to planet 20
 113: Player 2 defended planet 15
 114: Player 1 launched 19 (left 7) ships from planet 2 to planet 22
 114: Player 2 launched 74 (left 9) ships from planet 11 to planet 20
 115: Player 1 launched 9 (left 4) ships from planet 5 to planet 14
 115: Player 2 launched 76 (left 9) ships from planet 14 to planet 20
 115: Player 2 defended planet 12
 116: Player 1 launched 12 (left 5) ships from planet 2 to planet 15
 116: Player 2 launched 54 (left 7) ships from planet 18 to planet 20
 116: Player 2 defended planet 16
 117: Player 1 launched 16 (left 6) ships from planet 8 to planet 21
 117: Player 2 launched 58 (left 7) ships from planet 21 to planet 20
 118: Player 1 launched 9 (left 4) ships from planet 5 to planet 6
 118: Player 2 launched 252 (left 29) ships from planet 10 to planet 20
 119: Player 2 launched 62 (left 7) ships from planet 17 to planet 1
 120: Player 1 launched 18 (left 7) ships from planet 2 to planet 15
 120: Player 2 launched 55 (left 7) ships from planet 6 to planet 1
 120: Player 2 defended planet 14
 120: Player 2 now owns planet 20
 121: Player 1 launched 9 (left 3) ships from planet 2 to planet 18
 121: Player 2 launched 54 (left 7) ships from planet 15 to planet 2
 122: Player 1 launched 12 (left 4) ships from planet 5 to planet 18
 122: Player 2 launched 48 (left 6) ships from planet 3 to planet 2
 122: Player 1 now owns planet 3
 122: Player 2 defended planet 15
 123: Player 2 launched 44 (left 5) ships from planet 10 to planet 3
 124: Player 1 launched 13 (left 5) ships from planet 2 to planet 19
 124: Player 2 launched 346 (left 39) ships from planet 20 to planet 3
 125: Player 2 launched 149 (left 17) ships from planet 20 to planet 2
 126: Player 1 launched 12 (left 4) ships from planet 3 to planet 12
 126: Player 2 launched 122 (left 14) ships from planet 17 to planet 1
 127: Player 2 launched 54 (left 7) ships from planet 11 to planet 3
 127: Player 2 defended planet 22
 127: Player 2 now owns planet 1
 128: Player 1 launched 21 (left 7) ships from planet 8 to planet 19
 128: Player 2 launched 92 (left 11) ships from planet 20 to planet 3
 128: Player 2 defended planet 15
 128: Player 2 now owns planet 2
 129: Player 2 launched 107 (left 12) ships from planet 2 to planet 8
 129: Player 2 defended planet 16
 130: Player 1 launched 21 (left 7) ships from planet 5 to planet 1
 130: Player 2 launched 134 (left 15) ships from planet 20 to planet 8
 130: Player 2 defended planet 16
 131: Player 2 launched 243 (left 28) ships from planet 20 to planet 5
 131: Player 2 defended planet 14
 131: Player 2 defended planet 18
 132: Player 1 launched 9 (left 4) ships from planet 5 to planet 17
 132: Player 2 launched 93 (left 11) ships from planet 20 to planet 5
 132: Player 2 defended planet 15
 132: Player 2 now owns planet 8
 133: Player 1 launched 29 (left 10) ships from planet 3 to planet 22
 133: Player 2 launched 81 (left 9) ships from planet 8 to planet 5
 133: Player 2 now owns planet 3
 133: Player 2 defended planet 12
 134: Player 2 launched 130 (left 15) ships from planet 8 to planet 5
 134: Player 2 defended planet 6
 134: Player 2 defended planet 19
 135: Player 1 launched 9 (left 4) ships from planet 5 to planet 20
 135: Player 2 launched 125 (left 14) ships from planet 1 to planet 5
 135: Player 2 now owns planet 5
 136: Player 2 launched 285 (left 32) ships from planet 5 to planet 7
 137: Player 2 launched 232 (left 26) ships from planet 5 to planet 7
 138: Player 2 launched 99 (left 12) ships from planet 2 to planet 7
 138: Player 2 defended planet 21
 139: Player 2 launched 97 (left 11) ships from planet 3 to planet 7
 139: Player 2 defended planet 1
 139: Player 2 defended planet 20
 139: Player 2 now owns planet 7
 140: Player 2 launched 213 (left 24) ships from planet 7 to planet 9
 141: Player 2 launched 233 (left 26) ships from planet 7 to planet 9
 141: Player 2 defended planet 19
 142: Player 2 launched 135 (left 15) ships from planet 1 to planet 9
 143: Player 2 launched 339 (left 38) ships from planet 3 to planet 9
 143: Player 2 defended planet 22
 144: Player 2 launched 120 (left 14) ships from planet 7 to planet 9
 145: Player 2 launched 157 (left 18) ships from planet 5 to planet 9
 146: Player 2 launched 104 (left 12) ships from planet 20 to planet 9
 146: Player 2 now owns planet 9
 147: Player 2 launched 253 (left 29) ships from planet 9 to planet 4
 148: Player 2 launched 139 (left 16) ships from planet 3 to planet 4
 149: Player 2 launched 108 (left 13) ships from planet 14 to planet 4
 149: Player 2 defended planet 17
 149: Player 2 now owns planet 4
